Using pre-set license
Built from '2020.3/staging' branch; Version is '2020.3.20f1 (41c4e627c95f) revision 4310246'; Using compiler version '192528614'; Build Type 'Release'
OS: 'Windows 10 Home; OS build 22000.675; Version 2009; 64bit' Language: 'en' Physical Memory: 16221 MB
BatchMode: 1, IsHumanControllingUs: 0, StartBugReporterOnCrash: 0, Is64bit: 1, IsPro: 0

COMMAND LINE ARGUMENTS:
C:\Program Files\Unity 2020.3.20f1\Editor\Unity.exe
-adb2
-batchMode
-noUpm
-name
AssetImportWorker1
-projectPath
C:/Users/plavi/Documents/GitHub/projetS2/ProjetS2
-logFile
Logs/AssetImportWorker1.log
-srvPort
50537
Successfully changed project path to: C:/Users/plavi/Documents/GitHub/projetS2/ProjetS2
C:/Users/plavi/Documents/GitHub/projetS2/ProjetS2
Using Asset Import Pipeline V2.
Refreshing native plugins compatible for Editor in 55.80 ms, found 3 plugins.
Preloading 0 native plugins for Editor in 0.00 ms.
Initialize engine version: 2020.3.20f1 (41c4e627c95f)
[Subsystems] Discovering subsystems at path C:/Program Files/Unity 2020.3.20f1/Editor/Data/Resources/UnitySubsystems
[Subsystems] Discovering subsystems at path C:/Users/plavi/Documents/GitHub/projetS2/ProjetS2/Assets
GfxDevice: creating device client; threaded=0
Direct3D:
    Version:  Direct3D 11.0 [level 11.1]
    Renderer: NVIDIA GeForce RTX 2060 (ID=0x1f15)
    Vendor:   
    VRAM:     5980 MB
    Driver:   27.21.14.5167
Initialize mono
Mono path[0] = 'C:/Program Files/Unity 2020.3.20f1/Editor/Data/Managed'
Mono path[1] = 'C:/Program Files/Unity 2020.3.20f1/Editor/Data/MonoBleedingEdge/lib/mono/unityjit'
Mono config path = 'C:/Program Files/Unity 2020.3.20f1/Editor/Data/MonoBleedingEdge/etc'
Using monoOptions --debugger-agent=transport=dt_socket,embedding=1,server=y,suspend=n,address=127.0.0.1:56920
Begin MonoManager ReloadAssembly
Registering precompiled unity dll's ...
Register platform support module: C:/Program Files/Unity 2020.3.20f1/Editor/Data/PlaybackEngines/WindowsStandaloneSupport/UnityEditor.WindowsStandalone.Extensions.dll
Registered in 0.001746 seconds.
Native extension for WindowsStandalone target not found
Refreshing native plugins compatible for Editor in 45.94 ms, found 3 plugins.
Preloading 0 native plugins for Editor in 0.00 ms.
Mono: successfully reloaded assembly
- Completed reload, in  1.047 seconds
Domain Reload Profiling:
	ReloadAssembly (1047ms)
		BeginReloadAssembly (69ms)
			ExecutionOrderSort (0ms)
			DisableScriptedObjects (0ms)
			BackupInstance (0ms)
			ReleaseScriptingObjects (0ms)
			CreateAndSetChildDomain (1ms)
		EndReloadAssembly (432ms)
			LoadAssemblies (66ms)
			RebuildTransferFunctionScriptingTraits (0ms)
			SetupTypeCache (157ms)
			ReleaseScriptCaches (0ms)
			RebuildScriptCaches (36ms)
			SetupLoadedEditorAssemblies (173ms)
				LogAssemblyErrors (0ms)
				InitializePlatformSupportModulesInManaged (4ms)
				SetLoadedEditorAssemblies (0ms)
				RefreshPlugins (46ms)
				BeforeProcessingInitializeOnLoad (10ms)
				ProcessInitializeOnLoadAttributes (82ms)
				ProcessInitializeOnLoadMethodAttributes (30ms)
				AfterProcessingInitializeOnLoad (0ms)
				EditorAssembliesLoaded (0ms)
			ExecutionOrderSort2 (0ms)
			AwakeInstancesAfterBackupRestoration (0ms)
Platform modules already initialized, skipping
Registering precompiled user dll's ...
Registered in 0.003072 seconds.
Begin MonoManager ReloadAssembly
Native extension for WindowsStandalone target not found
Refreshing native plugins compatible for Editor in 107.46 ms, found 3 plugins.
Preloading 0 native plugins for Editor in 0.00 ms.
Mono: successfully reloaded assembly
- Completed reload, in 10.263 seconds
Domain Reload Profiling:
	ReloadAssembly (10271ms)
		BeginReloadAssembly (348ms)
			ExecutionOrderSort (0ms)
			DisableScriptedObjects (11ms)
			BackupInstance (0ms)
			ReleaseScriptingObjects (0ms)
			CreateAndSetChildDomain (37ms)
		EndReloadAssembly (9776ms)
			LoadAssemblies (6176ms)
			RebuildTransferFunctionScriptingTraits (0ms)
			SetupTypeCache (1774ms)
			ReleaseScriptCaches (1ms)
			RebuildScriptCaches (131ms)
			SetupLoadedEditorAssemblies (1379ms)
				LogAssemblyErrors (0ms)
				InitializePlatformSupportModulesInManaged (9ms)
				SetLoadedEditorAssemblies (0ms)
				RefreshPlugins (108ms)
				BeforeProcessingInitializeOnLoad (151ms)
				ProcessInitializeOnLoadAttributes (1051ms)
				ProcessInitializeOnLoadMethodAttributes (48ms)
				AfterProcessingInitializeOnLoad (11ms)
				EditorAssembliesLoaded (0ms)
			ExecutionOrderSort2 (0ms)
			AwakeInstancesAfterBackupRestoration (18ms)
Platform modules already initialized, skipping
========================================================================
Worker process is ready to serve import requests
Launched and connected shader compiler UnityShaderCompiler.exe after 0.23 seconds
Refreshing native plugins compatible for Editor in 1.66 ms, found 3 plugins.
Preloading 0 native plugins for Editor in 0.00 ms.
Unloading 2208 Unused Serialized files (Serialized files now loaded: 0)
System memory in use before: 98.3 MB.
System memory in use after: 98.4 MB.

Unloading 26 unused Assets to reduce memory usage. Loaded Objects now: 2652.
Total: 5.891600 ms (FindLiveObjects: 0.240900 ms CreateObjectMapping: 0.127200 ms MarkObjects: 5.406200 ms  DeleteObjects: 0.115500 ms)

AssetImportParameters requested are different than current active one (requested -> active):
  custom:framework-win-MediaFoundation: 216162199b28c13a410421893ffa2e32 -> 
  custom:video-decoder-ogg-theora: a1e56fd34408186e4bbccfd4996cb3dc -> 
  custom:container-muxer-webm: aa71ff27fc2769a1b78a27578f13a17b -> 
  custom:container-demuxer-webm: 4f35f7cbe854078d1ac9338744f61a02 -> 
  custom:container-demuxer-ogg: 62fdf1f143b41e24485cea50d1cbac27 -> 
  custom:video-encoder-webm-vp8: eb34c28f22e8b96e1ab97ce403110664 -> 
  custom:video-decoder-webm-vp8: 9c59270c3fd7afecdb556c50c9e8de78 -> 
  custom:audio-decoder-ogg-vorbis: bf7c407c2cedff20999df2af8eb42d56 -> 
  custom:audio-encoder-webm-vorbis: bf7c407c2cedff20999df2af8eb42d56 -> 
========================================================================
Received Import Request.
  path: Assets/Prefabs/UI/dialogue.prefab
  artifactKey: Guid(47a492c0cf154a24ba7a330eb43bcd72) Importer(815301076,1909f56bfc062723c751e8b465ee728b)
Start importing Assets/Prefabs/UI/dialogue.prefab using Guid(47a492c0cf154a24ba7a330eb43bcd72) Importer(815301076,1909f56bfc062723c751e8b465ee728b)  -> (artifact id: 'd7d91f994455530c17437143bae1523a') in 0.252777 seconds 
  Import took 0.263684 seconds .

========================================================================
Received Import Request.
  Time since last request: 771.501176 seconds.
  path: Assets/Prefabs/UI/dialogue.prefab
  artifactKey: Guid(47a492c0cf154a24ba7a330eb43bcd72) Importer(815301076,1909f56bfc062723c751e8b465ee728b)
Start importing Assets/Prefabs/UI/dialogue.prefab using Guid(47a492c0cf154a24ba7a330eb43bcd72) Importer(815301076,1909f56bfc062723c751e8b465ee728b)  -> (artifact id: 'df31633a44da427d6a87ce25bb745545') in 0.010954 seconds 
  Import took 0.019076 seconds .

========================================================================
Received Import Request.
  Time since last request: 545.437368 seconds.
  path: Assets/Images/Graphisme/Terrain
  artifactKey: Guid(0a475273a14d7e3459a98ea98b0e0e85) Importer(815301076,1909f56bfc062723c751e8b465ee728b)
Start importing Assets/Images/Graphisme/Terrain using Guid(0a475273a14d7e3459a98ea98b0e0e85) Importer(815301076,1909f56bfc062723c751e8b465ee728b)  -> (artifact id: 'ef870546df63c2d10a91c1a0370c3009') in 0.062264 seconds 
  Import took 0.070601 seconds .

========================================================================
Received Import Request.
  Time since last request: 0.000436 seconds.
  path: Assets/Images/Graphisme/Terrain/Grass.psd
  artifactKey: Guid(551755f009dad29448641aed7f7a5299) Importer(815301076,1909f56bfc062723c751e8b465ee728b)
Start importing Assets/Images/Graphisme/Terrain/Grass.psd using Guid(551755f009dad29448641aed7f7a5299) Importer(815301076,1909f56bfc062723c751e8b465ee728b)  -> (artifact id: '0b8b161ad275fe43b70f578d34e0f8bc') in 0.122224 seconds 
  Import took 0.130377 seconds .

========================================================================
Received Import Request.
  Time since last request: 0.000532 seconds.
  path: Assets/Images/Graphisme/Terrain/Sea.psd
  artifactKey: Guid(3850a7516f011034aaef8a6889892125) Importer(815301076,1909f56bfc062723c751e8b465ee728b)
Start importing Assets/Images/Graphisme/Terrain/Sea.psd using Guid(3850a7516f011034aaef8a6889892125) Importer(815301076,1909f56bfc062723c751e8b465ee728b)  -> (artifact id: '31bcdd1d6badbf73990f77a4906a5821') in 0.031892 seconds 
  Import took 0.040608 seconds .

========================================================================
Received Import Request.
  Time since last request: 0.000394 seconds.
  path: Assets/Images/Graphisme/Terrain/Sand_hill.psd
  artifactKey: Guid(c50123588bd774d47a86c07707f3dc74) Importer(815301076,1909f56bfc062723c751e8b465ee728b)
Start importing Assets/Images/Graphisme/Terrain/Sand_hill.psd using Guid(c50123588bd774d47a86c07707f3dc74) Importer(815301076,1909f56bfc062723c751e8b465ee728b)  -> (artifact id: '701710d5a7572138f2f43d4a970ee1b4') in 0.027579 seconds 
  Import took 0.035524 seconds .

========================================================================
Received Import Request.
  Time since last request: 0.000285 seconds.
  path: Assets/Images/Graphisme/Terrain/Sand.psd
  artifactKey: Guid(f4fa838a7bc614647985e84814d200fa) Importer(815301076,1909f56bfc062723c751e8b465ee728b)
Start importing Assets/Images/Graphisme/Terrain/Sand.psd using Guid(f4fa838a7bc614647985e84814d200fa) Importer(815301076,1909f56bfc062723c751e8b465ee728b)  -> (artifact id: '51d2de3caf74d07eebe429430d00a6f4') in 0.026930 seconds 
  Import took 0.033088 seconds .

========================================================================
Received Import Request.
  Time since last request: 0.000378 seconds.
  path: Assets/Images/Graphisme/Terrain/Ocean.psd
  artifactKey: Guid(fc37993e106c542429e8135f3b297140) Importer(815301076,1909f56bfc062723c751e8b465ee728b)
Start importing Assets/Images/Graphisme/Terrain/Ocean.psd using Guid(fc37993e106c542429e8135f3b297140) Importer(815301076,1909f56bfc062723c751e8b465ee728b)  -> (artifact id: '081a62063741b1ebe71623175e64ea5e') in 0.028346 seconds 
  Import took 0.036444 seconds .

========================================================================
Received Import Request.
  Time since last request: 0.000474 seconds.
  path: Assets/Images/Graphisme/Terrain/Snow.psd
  artifactKey: Guid(e0b29f81f54565f48a41125a29ab99f8) Importer(815301076,1909f56bfc062723c751e8b465ee728b)
Start importing Assets/Images/Graphisme/Terrain/Snow.psd using Guid(e0b29f81f54565f48a41125a29ab99f8) Importer(815301076,1909f56bfc062723c751e8b465ee728b)  -> (artifact id: 'd4ab53c812b67c5c04e48cc3a5d4f6b6') in 0.026473 seconds 
  Import took 0.035401 seconds .

========================================================================
Received Import Request.
  Time since last request: 0.000551 seconds.
  path: Assets/Images/Graphisme/Terrain/Snow_hill.psd
  artifactKey: Guid(c5554fcff7edc17438c7b7fb8eb5d491) Importer(815301076,1909f56bfc062723c751e8b465ee728b)
Start importing Assets/Images/Graphisme/Terrain/Snow_hill.psd using Guid(c5554fcff7edc17438c7b7fb8eb5d491) Importer(815301076,1909f56bfc062723c751e8b465ee728b)  -> (artifact id: '9840c4f6f40825a713612777eb705a5c') in 0.024428 seconds 
  Import took 0.029852 seconds .

========================================================================
Received Import Request.
  Time since last request: 1.311703 seconds.
  path: Assets/Images/Graphisme/Cities/Graphisme.png
  artifactKey: Guid(cfbf7392612a42c43add431338171c23) Importer(815301076,1909f56bfc062723c751e8b465ee728b)
Start importing Assets/Images/Graphisme/Cities/Graphisme.png using Guid(cfbf7392612a42c43add431338171c23) Importer(815301076,1909f56bfc062723c751e8b465ee728b)  -> (artifact id: '7936e27153db43b8cdbc8ef30e7d9736') in 0.208701 seconds 
  Import took 0.217291 seconds .

========================================================================
Received Import Request.
  Time since last request: 0.000504 seconds.
  path: Assets/Images/Graphisme/Cities/Old_city.png
  artifactKey: Guid(c140dc9dbd82e6642b471837598faa44) Importer(815301076,1909f56bfc062723c751e8b465ee728b)
Start importing Assets/Images/Graphisme/Cities/Old_city.png using Guid(c140dc9dbd82e6642b471837598faa44) Importer(815301076,1909f56bfc062723c751e8b465ee728b)  -> (artifact id: '2d9c2012f00a048d4cca4c801faae01a') in 0.032961 seconds 
  Import took 0.039779 seconds .

========================================================================
Received Import Request.
  Time since last request: 0.000339 seconds.
  path: Assets/Images/Graphisme/Cities/Medieval_city.png
  artifactKey: Guid(10bc7f083a6365546a9baae20dfdf795) Importer(815301076,1909f56bfc062723c751e8b465ee728b)
Start importing Assets/Images/Graphisme/Cities/Medieval_city.png using Guid(10bc7f083a6365546a9baae20dfdf795) Importer(815301076,1909f56bfc062723c751e8b465ee728b)  -> (artifact id: 'a53dcb053137d4d102c3927e9d97e87a') in 0.030904 seconds 
  Import took 0.041677 seconds .

========================================================================
Received Prepare
Registering precompiled user dll's ...
Registered in 0.003436 seconds.
Begin MonoManager ReloadAssembly
Native extension for WindowsStandalone target not found
Refreshing native plugins compatible for Editor in 0.62 ms, found 3 plugins.
Preloading 0 native plugins for Editor in 0.00 ms.
Mono: successfully reloaded assembly
- Completed reload, in  1.444 seconds
Domain Reload Profiling:
	ReloadAssembly (1444ms)
		BeginReloadAssembly (149ms)
			ExecutionOrderSort (0ms)
			DisableScriptedObjects (8ms)
			BackupInstance (0ms)
			ReleaseScriptingObjects (0ms)
			CreateAndSetChildDomain (45ms)
		EndReloadAssembly (1210ms)
			LoadAssemblies (116ms)
			RebuildTransferFunctionScriptingTraits (0ms)
			SetupTypeCache (406ms)
			ReleaseScriptCaches (1ms)
			RebuildScriptCaches (57ms)
			SetupLoadedEditorAssemblies (460ms)
				LogAssemblyErrors (0ms)
				InitializePlatformSupportModulesInManaged (8ms)
				SetLoadedEditorAssemblies (1ms)
				RefreshPlugins (1ms)
				BeforeProcessingInitializeOnLoad (81ms)
				ProcessInitializeOnLoadAttributes (355ms)
				ProcessInitializeOnLoadMethodAttributes (9ms)
				AfterProcessingInitializeOnLoad (6ms)
				EditorAssembliesLoaded (0ms)
			ExecutionOrderSort2 (0ms)
			AwakeInstancesAfterBackupRestoration (13ms)
Platform modules already initialized, skipping
Refreshing native plugins compatible for Editor in 0.64 ms, found 3 plugins.
Preloading 0 native plugins for Editor in 0.00 ms.
Unloading 2185 Unused Serialized files (Serialized files now loaded: 0)
System memory in use before: 99.5 MB.
System memory in use after: 99.6 MB.

Unloading 15 unused Assets to reduce memory usage. Loaded Objects now: 2665.
Total: 3.794800 ms (FindLiveObjects: 0.231800 ms CreateObjectMapping: 0.100200 ms MarkObjects: 3.407300 ms  DeleteObjects: 0.054400 ms)

AssetImportParameters requested are different than current active one (requested -> active):
  custom:framework-win-MediaFoundation: 216162199b28c13a410421893ffa2e32 -> 
  custom:video-decoder-ogg-theora: a1e56fd34408186e4bbccfd4996cb3dc -> 
  custom:container-muxer-webm: aa71ff27fc2769a1b78a27578f13a17b -> 
  custom:container-demuxer-webm: 4f35f7cbe854078d1ac9338744f61a02 -> 
  custom:container-demuxer-ogg: 62fdf1f143b41e24485cea50d1cbac27 -> 
  custom:video-encoder-webm-vp8: eb34c28f22e8b96e1ab97ce403110664 -> 
  custom:video-decoder-webm-vp8: 9c59270c3fd7afecdb556c50c9e8de78 -> 
  custom:audio-decoder-ogg-vorbis: bf7c407c2cedff20999df2af8eb42d56 -> 
  custom:audio-encoder-webm-vorbis: bf7c407c2cedff20999df2af8eb42d56 -> 
========================================================================
Received Prepare
Registering precompiled user dll's ...
Registered in 0.004360 seconds.
Begin MonoManager ReloadAssembly
Native extension for WindowsStandalone target not found
Refreshing native plugins compatible for Editor in 0.69 ms, found 3 plugins.
Preloading 0 native plugins for Editor in 0.00 ms.
Mono: successfully reloaded assembly
- Completed reload, in  1.436 seconds
Domain Reload Profiling:
	ReloadAssembly (1437ms)
		BeginReloadAssembly (150ms)
			ExecutionOrderSort (0ms)
			DisableScriptedObjects (8ms)
			BackupInstance (0ms)
			ReleaseScriptingObjects (0ms)
			CreateAndSetChildDomain (43ms)
		EndReloadAssembly (1196ms)
			LoadAssemblies (117ms)
			RebuildTransferFunctionScriptingTraits (0ms)
			SetupTypeCache (391ms)
			ReleaseScriptCaches (1ms)
			RebuildScriptCaches (56ms)
			SetupLoadedEditorAssemblies (458ms)
				LogAssemblyErrors (0ms)
				InitializePlatformSupportModulesInManaged (8ms)
				SetLoadedEditorAssemblies (2ms)
				RefreshPlugins (1ms)
				BeforeProcessingInitializeOnLoad (103ms)
				ProcessInitializeOnLoadAttributes (331ms)
				ProcessInitializeOnLoadMethodAttributes (7ms)
				AfterProcessingInitializeOnLoad (6ms)
				EditorAssembliesLoaded (0ms)
			ExecutionOrderSort2 (0ms)
			AwakeInstancesAfterBackupRestoration (16ms)
Platform modules already initialized, skipping
Refreshing native plugins compatible for Editor in 0.64 ms, found 3 plugins.
Preloading 0 native plugins for Editor in 0.00 ms.
Unloading 2185 Unused Serialized files (Serialized files now loaded: 0)
System memory in use before: 99.5 MB.
System memory in use after: 99.6 MB.

Unloading 14 unused Assets to reduce memory usage. Loaded Objects now: 2668.
Total: 4.200700 ms (FindLiveObjects: 0.215700 ms CreateObjectMapping: 0.113100 ms MarkObjects: 3.831600 ms  DeleteObjects: 0.038900 ms)

AssetImportParameters requested are different than current active one (requested -> active):
  custom:framework-win-MediaFoundation: 216162199b28c13a410421893ffa2e32 -> 
  custom:video-decoder-ogg-theora: a1e56fd34408186e4bbccfd4996cb3dc -> 
  custom:container-muxer-webm: aa71ff27fc2769a1b78a27578f13a17b -> 
  custom:container-demuxer-webm: 4f35f7cbe854078d1ac9338744f61a02 -> 
  custom:container-demuxer-ogg: 62fdf1f143b41e24485cea50d1cbac27 -> 
  custom:video-encoder-webm-vp8: eb34c28f22e8b96e1ab97ce403110664 -> 
  custom:video-decoder-webm-vp8: 9c59270c3fd7afecdb556c50c9e8de78 -> 
  custom:audio-decoder-ogg-vorbis: bf7c407c2cedff20999df2af8eb42d56 -> 
  custom:audio-encoder-webm-vorbis: bf7c407c2cedff20999df2af8eb42d56 -> 
========================================================================
Received Prepare
Registering precompiled user dll's ...
Registered in 0.003577 seconds.
Begin MonoManager ReloadAssembly
Native extension for WindowsStandalone target not found
Refreshing native plugins compatible for Editor in 0.89 ms, found 3 plugins.
Preloading 0 native plugins for Editor in 0.00 ms.
Mono: successfully reloaded assembly
- Completed reload, in  2.650 seconds
Domain Reload Profiling:
	ReloadAssembly (2650ms)
		BeginReloadAssembly (262ms)
			ExecutionOrderSort (0ms)
			DisableScriptedObjects (17ms)
			BackupInstance (0ms)
			ReleaseScriptingObjects (0ms)
			CreateAndSetChildDomain (76ms)
		EndReloadAssembly (2210ms)
			LoadAssemblies (233ms)
			RebuildTransferFunctionScriptingTraits (0ms)
			SetupTypeCache (718ms)
			ReleaseScriptCaches (2ms)
			RebuildScriptCaches (163ms)
			SetupLoadedEditorAssemblies (775ms)
				LogAssemblyErrors (0ms)
				InitializePlatformSupportModulesInManaged (12ms)
				SetLoadedEditorAssemblies (1ms)
				RefreshPlugins (1ms)
				BeforeProcessingInitializeOnLoad (171ms)
				ProcessInitializeOnLoadAttributes (563ms)
				ProcessInitializeOnLoadMethodAttributes (15ms)
				AfterProcessingInitializeOnLoad (11ms)
				EditorAssembliesLoaded (0ms)
			ExecutionOrderSort2 (0ms)
			AwakeInstancesAfterBackupRestoration (25ms)
Platform modules already initialized, skipping
Refreshing native plugins compatible for Editor in 0.65 ms, found 3 plugins.
Preloading 0 native plugins for Editor in 0.00 ms.
Unloading 2185 Unused Serialized files (Serialized files now loaded: 0)
System memory in use before: 99.6 MB.
System memory in use after: 99.7 MB.

Unloading 14 unused Assets to reduce memory usage. Loaded Objects now: 2671.
Total: 5.823000 ms (FindLiveObjects: 0.222400 ms CreateObjectMapping: 0.119500 ms MarkObjects: 5.461400 ms  DeleteObjects: 0.018500 ms)

AssetImportParameters requested are different than current active one (requested -> active):
  custom:framework-win-MediaFoundation: 216162199b28c13a410421893ffa2e32 -> 
  custom:video-decoder-ogg-theora: a1e56fd34408186e4bbccfd4996cb3dc -> 
  custom:container-muxer-webm: aa71ff27fc2769a1b78a27578f13a17b -> 
  custom:container-demuxer-webm: 4f35f7cbe854078d1ac9338744f61a02 -> 
  custom:container-demuxer-ogg: 62fdf1f143b41e24485cea50d1cbac27 -> 
  custom:video-encoder-webm-vp8: eb34c28f22e8b96e1ab97ce403110664 -> 
  custom:video-decoder-webm-vp8: 9c59270c3fd7afecdb556c50c9e8de78 -> 
  custom:audio-decoder-ogg-vorbis: bf7c407c2cedff20999df2af8eb42d56 -> 
  custom:audio-encoder-webm-vorbis: bf7c407c2cedff20999df2af8eb42d56 -> 
