Using pre-set license
Built from '2020.3/staging' branch; Version is '2020.3.20f1 (41c4e627c95f) revision 4310246'; Using compiler version '192528614'; Build Type 'Release'
OS: 'Windows 10 Home; OS build 22000.675; Version 2009; 64bit' Language: 'en' Physical Memory: 15755 MB
BatchMode: 1, IsHumanControllingUs: 0, StartBugReporterOnCrash: 0, Is64bit: 1, IsPro: 0

COMMAND LINE ARGUMENTS:
C:\Program Files\Unity\Hub\Editor\2020.3.20f1\Editor\Unity.exe
-adb2
-batchMode
-noUpm
-name
AssetImportWorker0
-projectPath
C:/Users/paulf/prog/projetS2/ProjetS2
-logFile
Logs/AssetImportWorker0.log
-srvPort
50072
Successfully changed project path to: C:/Users/paulf/prog/projetS2/ProjetS2
C:/Users/paulf/prog/projetS2/ProjetS2
Using Asset Import Pipeline V2.
Refreshing native plugins compatible for Editor in 43.27 ms, found 3 plugins.
Preloading 0 native plugins for Editor in 0.00 ms.
Initialize engine version: 2020.3.20f1 (41c4e627c95f)
[Subsystems] Discovering subsystems at path C:/Program Files/Unity/Hub/Editor/2020.3.20f1/Editor/Data/Resources/UnitySubsystems
[Subsystems] Discovering subsystems at path C:/Users/paulf/prog/projetS2/ProjetS2/Assets
GfxDevice: creating device client; threaded=0
Direct3D:
    Version:  Direct3D 11.0 [level 11.1]
    Renderer: AMD Radeon(TM) Graphics (ID=0x164c)
    Vendor:   
    VRAM:     7877 MB
    Driver:   30.0.13044.3001
Initialize mono
Mono path[0] = 'C:/Program Files/Unity/Hub/Editor/2020.3.20f1/Editor/Data/Managed'
Mono path[1] = 'C:/Program Files/Unity/Hub/Editor/2020.3.20f1/Editor/Data/MonoBleedingEdge/lib/mono/unityjit'
Mono config path = 'C:/Program Files/Unity/Hub/Editor/2020.3.20f1/Editor/Data/MonoBleedingEdge/etc'
Using monoOptions --debugger-agent=transport=dt_socket,embedding=1,server=y,suspend=n,address=127.0.0.1:56736
Begin MonoManager ReloadAssembly
Registering precompiled unity dll's ...
Register platform support module: C:/Program Files/Unity/Hub/Editor/2020.3.20f1/Editor/Data/PlaybackEngines/WindowsStandaloneSupport/UnityEditor.WindowsStandalone.Extensions.dll
Registered in 0.001243 seconds.
Native extension for WindowsStandalone target not found
Refreshing native plugins compatible for Editor in 43.66 ms, found 3 plugins.
Preloading 0 native plugins for Editor in 0.00 ms.
Mono: successfully reloaded assembly
- Completed reload, in  1.947 seconds
Domain Reload Profiling:
	ReloadAssembly (1948ms)
		BeginReloadAssembly (47ms)
			ExecutionOrderSort (0ms)
			DisableScriptedObjects (0ms)
			BackupInstance (0ms)
			ReleaseScriptingObjects (0ms)
			CreateAndSetChildDomain (1ms)
		EndReloadAssembly (423ms)
			LoadAssemblies (46ms)
			RebuildTransferFunctionScriptingTraits (0ms)
			SetupTypeCache (139ms)
			ReleaseScriptCaches (0ms)
			RebuildScriptCaches (44ms)
			SetupLoadedEditorAssemblies (170ms)
				LogAssemblyErrors (0ms)
				InitializePlatformSupportModulesInManaged (4ms)
				SetLoadedEditorAssemblies (0ms)
				RefreshPlugins (44ms)
				BeforeProcessingInitializeOnLoad (13ms)
				ProcessInitializeOnLoadAttributes (81ms)
				ProcessInitializeOnLoadMethodAttributes (28ms)
				AfterProcessingInitializeOnLoad (0ms)
				EditorAssembliesLoaded (0ms)
			ExecutionOrderSort2 (0ms)
			AwakeInstancesAfterBackupRestoration (0ms)
Platform modules already initialized, skipping
Registering precompiled user dll's ...
Registered in 0.002423 seconds.
Begin MonoManager ReloadAssembly
Native extension for WindowsStandalone target not found
Refreshing native plugins compatible for Editor in 41.95 ms, found 3 plugins.
Preloading 0 native plugins for Editor in 0.00 ms.
Mono: successfully reloaded assembly
- Completed reload, in  1.065 seconds
Domain Reload Profiling:
	ReloadAssembly (1066ms)
		BeginReloadAssembly (132ms)
			ExecutionOrderSort (0ms)
			DisableScriptedObjects (4ms)
			BackupInstance (0ms)
			ReleaseScriptingObjects (0ms)
			CreateAndSetChildDomain (20ms)
		EndReloadAssembly (876ms)
			LoadAssemblies (76ms)
			RebuildTransferFunctionScriptingTraits (0ms)
			SetupTypeCache (263ms)
			ReleaseScriptCaches (1ms)
			RebuildScriptCaches (61ms)
			SetupLoadedEditorAssemblies (356ms)
				LogAssemblyErrors (0ms)
				InitializePlatformSupportModulesInManaged (4ms)
				SetLoadedEditorAssemblies (0ms)
				RefreshPlugins (42ms)
				BeforeProcessingInitializeOnLoad (77ms)
				ProcessInitializeOnLoadAttributes (211ms)
				ProcessInitializeOnLoadMethodAttributes (18ms)
				AfterProcessingInitializeOnLoad (4ms)
				EditorAssembliesLoaded (0ms)
			ExecutionOrderSort2 (0ms)
			AwakeInstancesAfterBackupRestoration (6ms)
Platform modules already initialized, skipping
========================================================================
Worker process is ready to serve import requests
Launched and connected shader compiler UnityShaderCompiler.exe after 0.05 seconds
Refreshing native plugins compatible for Editor in 0.54 ms, found 3 plugins.
Preloading 0 native plugins for Editor in 0.00 ms.
Unloading 2211 Unused Serialized files (Serialized files now loaded: 0)
System memory in use before: 98.4 MB.
System memory in use after: 98.5 MB.

Unloading 26 unused Assets to reduce memory usage. Loaded Objects now: 2655.
Total: 3.952100 ms (FindLiveObjects: 0.315300 ms CreateObjectMapping: 0.094800 ms MarkObjects: 3.456900 ms  DeleteObjects: 0.083300 ms)

AssetImportParameters requested are different than current active one (requested -> active):
  custom:framework-win-MediaFoundation: 216162199b28c13a410421893ffa2e32 -> 
  custom:video-decoder-ogg-theora: a1e56fd34408186e4bbccfd4996cb3dc -> 
  custom:container-muxer-webm: aa71ff27fc2769a1b78a27578f13a17b -> 
  custom:container-demuxer-webm: 4f35f7cbe854078d1ac9338744f61a02 -> 
  custom:container-demuxer-ogg: 62fdf1f143b41e24485cea50d1cbac27 -> 
  custom:video-encoder-webm-vp8: eb34c28f22e8b96e1ab97ce403110664 -> 
  custom:video-decoder-webm-vp8: 9c59270c3fd7afecdb556c50c9e8de78 -> 
  custom:audio-decoder-ogg-vorbis: bf7c407c2cedff20999df2af8eb42d56 -> 
  custom:audio-encoder-webm-vorbis: bf7c407c2cedff20999df2af8eb42d56 -> 
========================================================================
Received Import Request.
  path: Assets/Scenes/map.unity
  artifactKey: Guid(6bbb41c7d8573b54db2bbf036b5fd939) Importer(815301076,1909f56bfc062723c751e8b465ee728b)
Start importing Assets/Scenes/map.unity using Guid(6bbb41c7d8573b54db2bbf036b5fd939) Importer(815301076,1909f56bfc062723c751e8b465ee728b)  -> (artifact id: '4c27b7f566168bf2dd12f8d8b8ffc7e3') in 0.016693 seconds 
  Import took 0.020088 seconds .

========================================================================
Received Import Request.
  Time since last request: 0.000241 seconds.
  path: Assets/Scenes/join.unity
  artifactKey: Guid(905c4f423d98b3b40a1af1f21067b6f3) Importer(815301076,1909f56bfc062723c751e8b465ee728b)
Start importing Assets/Scenes/join.unity using Guid(905c4f423d98b3b40a1af1f21067b6f3) Importer(815301076,1909f56bfc062723c751e8b465ee728b)  -> (artifact id: '0a27d4b19cd3ea8417e37ffd0714cadd') in 0.006266 seconds 
  Import took 0.009704 seconds .

========================================================================
Received Import Request.
  Time since last request: 4.010522 seconds.
  path: Assets/Scenes/start.unity
  artifactKey: Guid(4e1aaeead6114f64b9cd6b768e421384) Importer(815301076,1909f56bfc062723c751e8b465ee728b)
Start importing Assets/Scenes/start.unity using Guid(4e1aaeead6114f64b9cd6b768e421384) Importer(815301076,1909f56bfc062723c751e8b465ee728b)  -> (artifact id: 'd48c19e7ada4b516bd5ec28b3c4f979c') in 0.008559 seconds 
  Import took 0.012333 seconds .

========================================================================
Received Import Request.
  Time since last request: 23.186400 seconds.
  path: Assets/Scenes/settings.unity
  artifactKey: Guid(2cda990e2423bbf4892e6590ba056729) Importer(815301076,1909f56bfc062723c751e8b465ee728b)
Start importing Assets/Scenes/settings.unity using Guid(2cda990e2423bbf4892e6590ba056729) Importer(815301076,1909f56bfc062723c751e8b465ee728b)  -> (artifact id: '235cf04d25be96cce9888f2ee9a2556f') in 0.010003 seconds 
  Import took 0.014173 seconds .

========================================================================
Received Import Request.
  Time since last request: 11.196927 seconds.
  path: Assets/Prefabs/UI/dialogue.prefab
  artifactKey: Guid(47a492c0cf154a24ba7a330eb43bcd72) Importer(815301076,1909f56bfc062723c751e8b465ee728b)
Start importing Assets/Prefabs/UI/dialogue.prefab using Guid(47a492c0cf154a24ba7a330eb43bcd72) Importer(815301076,1909f56bfc062723c751e8b465ee728b)  -> (artifact id: 'aa727c1882085033bfaaa1d3c3d9b5d6') in 0.052517 seconds 
  Import took 0.055937 seconds .

========================================================================
Received Import Request.
  Time since last request: 2.764270 seconds.
  path: Assets/Prefabs/UI/settings
  artifactKey: Guid(ab5f25b3ea9f36c459a77d023a5c0251) Importer(815301076,1909f56bfc062723c751e8b465ee728b)
Start importing Assets/Prefabs/UI/settings using Guid(ab5f25b3ea9f36c459a77d023a5c0251) Importer(815301076,1909f56bfc062723c751e8b465ee728b)  -> (artifact id: 'cdf47fffef26fed6f5078584a02f73d3') in 0.006424 seconds 
  Import took 0.010210 seconds .

========================================================================
Received Import Request.
  Time since last request: 0.002184 seconds.
  path: Assets/Prefabs/UI/settings/keybinding.prefab
  artifactKey: Guid(6e0ebafc9194b3b4698fbc7d50b7f9d4) Importer(815301076,1909f56bfc062723c751e8b465ee728b)
Start importing Assets/Prefabs/UI/settings/keybinding.prefab using Guid(6e0ebafc9194b3b4698fbc7d50b7f9d4) Importer(815301076,1909f56bfc062723c751e8b465ee728b)  -> (artifact id: '8b967b45ed1f7c2ab3c8197dcab3cb4b') in 0.020821 seconds 
  Import took 0.025337 seconds .

========================================================================
Received Import Request.
  Time since last request: 4.250886 seconds.
  path: Assets/Prefabs/UI/map/army.prefab
  artifactKey: Guid(44869451d00042e4da70d9ac40507464) Importer(815301076,1909f56bfc062723c751e8b465ee728b)
Start importing Assets/Prefabs/UI/map/army.prefab using Guid(44869451d00042e4da70d9ac40507464) Importer(815301076,1909f56bfc062723c751e8b465ee728b)  -> (artifact id: '3db05bfa42288bd7c9cc6bac8e45dd70') in 0.055454 seconds 
  Import took 0.059706 seconds .

========================================================================
Received Import Request.
  Time since last request: 0.000254 seconds.
  path: Assets/Prefabs/UI/map/techno available.prefab
  artifactKey: Guid(79e52cea113505f4eae305220afa1806) Importer(815301076,1909f56bfc062723c751e8b465ee728b)
Start importing Assets/Prefabs/UI/map/techno available.prefab using Guid(79e52cea113505f4eae305220afa1806) Importer(815301076,1909f56bfc062723c751e8b465ee728b)  -> (artifact id: '802e925cc678433e1acba17824e174bb') in 0.028169 seconds 
  Import took 0.031769 seconds .

========================================================================
Received Import Request.
  Time since last request: 0.000260 seconds.
  path: Assets/Prefabs/UI/map/technology.prefab
  artifactKey: Guid(e0556bef3f255e740b67c6ad755c360b) Importer(815301076,1909f56bfc062723c751e8b465ee728b)
Start importing Assets/Prefabs/UI/map/technology.prefab using Guid(e0556bef3f255e740b67c6ad755c360b) Importer(815301076,1909f56bfc062723c751e8b465ee728b)  -> (artifact id: 'bbcd2e743dd41ef8b1dd5cb78a22470e') in 0.027995 seconds 
  Import took 0.031651 seconds .

========================================================================
Received Import Request.
  Time since last request: 51.810998 seconds.
  path: Assets/Prefabs/Img/fog of war.prefab
  artifactKey: Guid(c9d594c595c36aa44a8bac456e1ac844) Importer(815301076,1909f56bfc062723c751e8b465ee728b)
Start importing Assets/Prefabs/Img/fog of war.prefab using Guid(c9d594c595c36aa44a8bac456e1ac844) Importer(815301076,1909f56bfc062723c751e8b465ee728b)  -> (artifact id: '09420f2c30549ed32a0a03fbeba94020') in 0.066175 seconds 
  Import took 0.070107 seconds .

========================================================================
Received Import Request.
  Time since last request: 0.000226 seconds.
  path: Assets/Prefabs/Img/Sand.prefab
  artifactKey: Guid(7cc9a7898a8139141807216b8e0ea88f) Importer(815301076,1909f56bfc062723c751e8b465ee728b)
Start importing Assets/Prefabs/Img/Sand.prefab using Guid(7cc9a7898a8139141807216b8e0ea88f) Importer(815301076,1909f56bfc062723c751e8b465ee728b)  -> (artifact id: '8f1dc4fa161219ea370f8f6626d0a479') in 0.015269 seconds 
  Import took 0.018791 seconds .

========================================================================
Received Import Request.
  Time since last request: 0.000343 seconds.
  path: Assets/Prefabs/Img/Old_city.prefab
  artifactKey: Guid(fba5b805fa381b14dbf9d9fcd464d942) Importer(815301076,1909f56bfc062723c751e8b465ee728b)
Start importing Assets/Prefabs/Img/Old_city.prefab using Guid(fba5b805fa381b14dbf9d9fcd464d942) Importer(815301076,1909f56bfc062723c751e8b465ee728b)  -> (artifact id: '730af0e18ae0e445851ad6d3a5454864') in 0.013119 seconds 
  Import took 0.017084 seconds .

========================================================================
Received Import Request.
  Time since last request: 0.000223 seconds.
  path: Assets/Prefabs/Img/Snow.prefab
  artifactKey: Guid(2abe2f27cef782e4ba1846eff4cc193e) Importer(815301076,1909f56bfc062723c751e8b465ee728b)
Start importing Assets/Prefabs/Img/Snow.prefab using Guid(2abe2f27cef782e4ba1846eff4cc193e) Importer(815301076,1909f56bfc062723c751e8b465ee728b)  -> (artifact id: '8ac4f48fefd06e3c2b02513ed09f2081') in 0.013979 seconds 
  Import took 0.018186 seconds .

========================================================================
Received Import Request.
  Time since last request: 0.000338 seconds.
  path: Assets/Prefabs/Img/Grass.prefab
  artifactKey: Guid(3d5ffd0b373459c4fb161731637f6afc) Importer(815301076,1909f56bfc062723c751e8b465ee728b)
Start importing Assets/Prefabs/Img/Grass.prefab using Guid(3d5ffd0b373459c4fb161731637f6afc) Importer(815301076,1909f56bfc062723c751e8b465ee728b)  -> (artifact id: '11c5ac0ca60b748747ff935967e51b06') in 0.012573 seconds 
  Import took 0.016979 seconds .

========================================================================
Received Import Request.
  Time since last request: 0.000351 seconds.
  path: Assets/Prefabs/Img/Grass_hill.prefab
  artifactKey: Guid(adfc5aadb2605594ea900c5b0aefb8d2) Importer(815301076,1909f56bfc062723c751e8b465ee728b)
Start importing Assets/Prefabs/Img/Grass_hill.prefab using Guid(adfc5aadb2605594ea900c5b0aefb8d2) Importer(815301076,1909f56bfc062723c751e8b465ee728b)  -> (artifact id: '78408ab1a3e8c12c65e97fe199d2ae4d') in 0.012470 seconds 
  Import took 0.016834 seconds .

========================================================================
Received Import Request.
  Time since last request: 0.000382 seconds.
  path: Assets/Prefabs/Img/Sand_hill.prefab
  artifactKey: Guid(5dad0534bbad73c4e9b156b8fd7287e6) Importer(815301076,1909f56bfc062723c751e8b465ee728b)
Start importing Assets/Prefabs/Img/Sand_hill.prefab using Guid(5dad0534bbad73c4e9b156b8fd7287e6) Importer(815301076,1909f56bfc062723c751e8b465ee728b)  -> (artifact id: 'd6babd26460f815c15c09956cfd54872') in 0.014031 seconds 
  Import took 0.018543 seconds .

========================================================================
Received Import Request.
  Time since last request: 0.000284 seconds.
  path: Assets/Prefabs/Img/Sea.prefab
  artifactKey: Guid(e27637247b4e5524a875cfa875a301e4) Importer(815301076,1909f56bfc062723c751e8b465ee728b)
Start importing Assets/Prefabs/Img/Sea.prefab using Guid(e27637247b4e5524a875cfa875a301e4) Importer(815301076,1909f56bfc062723c751e8b465ee728b)  -> (artifact id: 'cd29bf5ea76ea6650cb466b25ee9397a') in 0.012684 seconds 
  Import took 0.016947 seconds .

========================================================================
Received Import Request.
  Time since last request: 0.000298 seconds.
  path: Assets/Prefabs/Img/Snow_hill.prefab
  artifactKey: Guid(3b39fbc58035dec4da455f96e0c2c0e9) Importer(815301076,1909f56bfc062723c751e8b465ee728b)
Start importing Assets/Prefabs/Img/Snow_hill.prefab using Guid(3b39fbc58035dec4da455f96e0c2c0e9) Importer(815301076,1909f56bfc062723c751e8b465ee728b)  -> (artifact id: '9d8c3c9b2e94c9a2fc3ff7d9ca39e2b7') in 0.013085 seconds 
  Import took 0.017229 seconds .

========================================================================
Received Import Request.
  Time since last request: 0.000233 seconds.
  path: Assets/Prefabs/Img/Ocean.prefab
  artifactKey: Guid(4ee4a1b7ddaae8b45a0cbb63d8f2cded) Importer(815301076,1909f56bfc062723c751e8b465ee728b)
Start importing Assets/Prefabs/Img/Ocean.prefab using Guid(4ee4a1b7ddaae8b45a0cbb63d8f2cded) Importer(815301076,1909f56bfc062723c751e8b465ee728b)  -> (artifact id: '0b3e93348105b48bbc5a74f0f106d7ca') in 0.013359 seconds 
  Import took 0.017751 seconds .

========================================================================
Received Import Request.
  Time since last request: 0.000258 seconds.
  path: Assets/Prefabs/Img/rond.prefab
  artifactKey: Guid(09a739fe5b2503841af26a94b8bbe9ae) Importer(815301076,1909f56bfc062723c751e8b465ee728b)
Start importing Assets/Prefabs/Img/rond.prefab using Guid(09a739fe5b2503841af26a94b8bbe9ae) Importer(815301076,1909f56bfc062723c751e8b465ee728b)  -> (artifact id: '2c3640e19333bd68f0d8d50f69f1505e') in 0.008626 seconds 
  Import took 0.013543 seconds .

========================================================================
Received Import Request.
  Time since last request: 0.000262 seconds.
  path: Assets/Prefabs/Img/Old_city 1.prefab
  artifactKey: Guid(2734d8a1e557aa2489e1dfca2cb347f6) Importer(815301076,1909f56bfc062723c751e8b465ee728b)
Start importing Assets/Prefabs/Img/Old_city 1.prefab using Guid(2734d8a1e557aa2489e1dfca2cb347f6) Importer(815301076,1909f56bfc062723c751e8b465ee728b)  -> (artifact id: '034efeb12e40de3cd34ccad57d58c2bf') in 0.020427 seconds 
  Import took 0.024321 seconds .

========================================================================
Received Import Request.
  Time since last request: 34.085462 seconds.
  path: Assets/Scripts/UI/map/limits of the map.png
  artifactKey: Guid(e0035cdcfb89ea946909a8202885ab97) Importer(815301076,1909f56bfc062723c751e8b465ee728b)
Start importing Assets/Scripts/UI/map/limits of the map.png using Guid(e0035cdcfb89ea946909a8202885ab97) Importer(815301076,1909f56bfc062723c751e8b465ee728b)  -> (artifact id: '46d5d2498bb9bebec6d0459faa7ec481') in 0.068099 seconds 
  Import took 0.072113 seconds .

========================================================================
Received Import Request.
  Time since last request: 0.000280 seconds.
  path: Assets/Scripts/UI/map/render texture.renderTexture
  artifactKey: Guid(12364b7320267ff4d8a119b56aa9422d) Importer(815301076,1909f56bfc062723c751e8b465ee728b)
Start importing Assets/Scripts/UI/map/render texture.renderTexture using Guid(12364b7320267ff4d8a119b56aa9422d) Importer(815301076,1909f56bfc062723c751e8b465ee728b)  -> (artifact id: '61c23775a0dbd2d170a5b19485a2c489') in 0.015484 seconds 
  Import took 0.019405 seconds .

AssetImportWorkerClient::OnTransportError - code=2 error=End of file
